[debug] [2023-08-20T21:30:49.950Z] ----------------------------------------------------------------------
[debug] [2023-08-20T21:30:49.952Z] Command:       C:\Users\USUARIO\.nvm\versions\node\v14.20.1\bin\node.exe C:\Users\USUARIO\AppData\Roaming\npm\node_modules\firebase-tools\lib\bin\firebase.js deploy
[debug] [2023-08-20T21:30:49.952Z] CLI Version:   11.25.1
[debug] [2023-08-20T21:30:49.953Z] Platform:      win32
[debug] [2023-08-20T21:30:49.953Z] Node Version:  v14.20.1
[debug] [2023-08-20T21:30:49.953Z] Time:          Sun Aug 20 2023 16:30:49 GMT-0500 (hora estándar de Colombia)
[debug] [2023-08-20T21:30:49.953Z] ----------------------------------------------------------------------
[debug] 
[debug] [2023-08-20T21:30:49.956Z] >>> [apiv2][query] GET https://firebase-public.firebaseio.com/cli.json [none]
[debug] [2023-08-20T21:30:50.020Z] > command requires scopes: ["email","openid","https://www.googleapis.com/auth/cloudplatformprojects.readonly","https://www.googleapis.com/auth/firebase","https://www.googleapis.com/auth/cloud-platform"]
[debug] [2023-08-20T21:30:50.020Z] > authorizing via signed-in user (camiloflstudio@gmail.com)
[debug] [2023-08-20T21:30:50.020Z] [iam] checking project hosting-91cb7 for permissions ["firebase.projects.get","firebasehosting.sites.update"]
[debug] [2023-08-20T21:30:50.021Z] > refreshing access token with scopes: []
[debug] [2023-08-20T21:30:50.021Z] >>> [apiv2][query] POST https://www.googleapis.com/oauth2/v3/token [none]
[debug] [2023-08-20T21:30:50.021Z] >>> [apiv2][body] POST https://www.googleapis.com/oauth2/v3/token [omitted]
[debug] [2023-08-20T21:30:50.292Z] <<< [apiv2][status] GET https://firebase-public.firebaseio.com/cli.json 200
[debug] [2023-08-20T21:30:50.292Z] <<< [apiv2][body] GET https://firebase-public.firebaseio.com/cli.json {"cloudBuildErrorAfter":1594252800000,"cloudBuildWarnAfter":1590019200000,"defaultNode10After":1594252800000,"minVersion":"3.0.5","node8DeploysDisabledAfter":1613390400000,"node8RuntimeDisabledAfter":1615809600000,"node8WarnAfter":1600128000000}
[debug] [2023-08-20T21:30:50.303Z] <<< [apiv2][status] POST https://www.googleapis.com/oauth2/v3/token 200
[debug] [2023-08-20T21:30:50.303Z] <<< [apiv2][body] POST https://www.googleapis.com/oauth2/v3/token [omitted]
[debug] [2023-08-20T21:30:50.307Z] >>> [apiv2][query] POST https://cloudresourcemanager.googleapis.com/v1/projects/hosting-91cb7:testIamPermissions [none]
[debug] [2023-08-20T21:30:50.307Z] >>> [apiv2][(partial)header] POST https://cloudresourcemanager.googleapis.com/v1/projects/hosting-91cb7:testIamPermissions x-goog-quota-user=projects/hosting-91cb7
[debug] [2023-08-20T21:30:50.307Z] >>> [apiv2][body] POST https://cloudresourcemanager.googleapis.com/v1/projects/hosting-91cb7:testIamPermissions {"permissions":["firebase.projects.get","firebasehosting.sites.update"]}
[debug] [2023-08-20T21:30:51.127Z] <<< [apiv2][status] POST https://cloudresourcemanager.googleapis.com/v1/projects/hosting-91cb7:testIamPermissions 200
[debug] [2023-08-20T21:30:51.127Z] <<< [apiv2][body] POST https://cloudresourcemanager.googleapis.com/v1/projects/hosting-91cb7:testIamPermissions {}
[debug] [2023-08-20T21:30:51.127Z] [iam] error while checking permissions, command may fail: FirebaseError: Authorization failed. This account is missing the following required permissions on project hosting-91cb7:

  firebase.projects.get
  firebasehosting.sites.update
[debug] [2023-08-20T21:30:51.128Z] >>> [apiv2][query] GET https://firebase.googleapis.com/v1beta1/projects/hosting-91cb7 [none]
[debug] [2023-08-20T21:30:51.533Z] <<< [apiv2][status] GET https://firebase.googleapis.com/v1beta1/projects/hosting-91cb7 403
[debug] [2023-08-20T21:30:51.534Z] <<< [apiv2][body] GET https://firebase.googleapis.com/v1beta1/projects/hosting-91cb7 {"error":{"code":403,"message":"The caller does not have permission","status":"PERMISSION_DENIED"}}
[debug] [2023-08-20T21:30:51.534Z] HTTP Error: 403, The caller does not have permission
[debug] [2023-08-20T21:30:51.772Z] FirebaseError: HTTP Error: 403, The caller does not have permission
    at responseToError (C:\Users\USUARIO\AppData\Roaming\npm\node_modules\firebase-tools\lib\responseToError.js:49:12)
    at RetryOperation._fn (C:\Users\USUARIO\AppData\Roaming\npm\node_modules\firebase-tools\lib\apiv2.js:288:77)
    at processTicksAndRejections (internal/process/task_queues.js:95:5)
[error] 
[error] Error: Failed to get Firebase project hosting-91cb7. Please make sure the project exists and your account has permission to access it.
